# JRE version: Java(TM) SE Runtime Environment (8.0_241-b07) (build 1.8.0_241-b07)
# Java VM: Java HotSpot(TM) 64-Bit Server VM (25.241-b07 mixed mode windows-amd64 compressed oops)
Heap:
 PSYoungGen      total 140800K, used 38356K [0x00000000d5f80000, 0x00000000e2400000, 0x0000000100000000)
  eden space 130560K, 29% used [0x00000000d5f80000,0x00000000d84f5078,0x00000000ddf00000)
  from space 10240K, 0% used [0x00000000ddf00000,0x00000000ddf00000,0x00000000de900000)
  to   space 11776K, 0% used [0x00000000e1880000,0x00000000e1880000,0x00000000e2400000)
 ParOldGen       total 83456K, used 15808K [0x0000000081e00000, 0x0000000086f80000, 0x00000000d5f80000)
  object space 83456K, 18% used [0x0000000081e00000,0x0000000082d70100,0x0000000086f80000)
 Metaspace       used 37237K, capacity 39110K, committed 39296K, reserved 1083392K
  class space    used 4795K, capacity 5127K, committed 5248K, reserved 1048576K
GC Heap History (10 events):
Event: 2.422 GC heap before
{Heap before GC invocations=5 (full 0):
 PSYoungGen      total 71680K, used 39897K [0x00000000d5f80000, 0x00000000daa80000, 0x0000000100000000)
  eden space 66560K, 53% used [0x00000000d5f80000,0x00000000d820b190,0x00000000da080000)
  from space 5120K, 88% used [0x00000000da580000,0x00000000da9eb410,0x00000000daa80000)
  to   space 5120K, 0% used [0x00000000da080000,0x00000000da080000,0x00000000da580000)
 ParOldGen       total 87552K, used 3671K [0x0000000081e00000, 0x0000000087380000, 0x00000000d5f80000)
  object space 87552K, 4% used [0x0000000081e00000,0x0000000082195eb8,0x0000000087380000)
 Metaspace       used 20422K, capacity 21160K, committed 21248K, reserved 1067008K
  class space    used 2549K, capacity 2728K, committed 2816K, reserved 1048576K
Event: 2.434 GC heap after
Heap after GC invocations=5 (full 0):
 PSYoungGen      total 71680K, used 5117K [0x00000000d5f80000, 0x00000000df380000, 0x0000000100000000)
  eden space 66560K, 0% used [0x00000000d5f80000,0x00000000d5f80000,0x00000000da080000)
  from space 5120K, 99% used [0x00000000da080000,0x00000000da57f780,0x00000000da580000)
  to   space 9216K, 0% used [0x00000000dea80000,0x00000000dea80000,0x00000000df380000)
 ParOldGen       total 87552K, used 6201K [0x0000000081e00000, 0x0000000087380000, 0x00000000d5f80000)
  object space 87552K, 7% used [0x0000000081e00000,0x000000008240e420,0x0000000087380000)
 Metaspace       used 20422K, capacity 21160K, committed 21248K, reserved 1067008K
  class space    used 2549K, capacity 2728K, committed 2816K, reserved 1048576K
}
Event: 2.434 GC heap before
{Heap before GC invocations=6 (full 1):
 PSYoungGen      total 71680K, used 5117K [0x00000000d5f80000, 0x00000000df380000, 0x0000000100000000)
  eden space 66560K, 0% used [0x00000000d5f80000,0x00000000d5f80000,0x00000000da080000)
  from space 5120K, 99% used [0x00000000da080000,0x00000000da57f780,0x00000000da580000)
  to   space 9216K, 0% used [0x00000000dea80000,0x00000000dea80000,0x00000000df380000)
 ParOldGen       total 87552K, used 6201K [0x0000000081e00000, 0x0000000087380000, 0x00000000d5f80000)
  object space 87552K, 7% used [0x0000000081e00000,0x000000008240e420,0x0000000087380000)
 Metaspace       used 20422K, capacity 21160K, committed 21248K, reserved 1067008K
  class space    used 2549K, capacity 2728K, committed 2816K, reserved 1048576K
Event: 2.475 GC heap after
Heap after GC invocations=6 (full 1):
 PSYoungGen      total 71680K, used 0K [0x00000000d5f80000, 0x00000000df380000, 0x0000000100000000)
  eden space 66560K, 0% used [0x00000000d5f80000,0x00000000d5f80000,0x00000000da080000)
  from space 5120K, 0% used [0x00000000da080000,0x00000000da080000,0x00000000da580000)
  to   space 9216K, 0% used [0x00000000dea80000,0x00000000dea80000,0x00000000df380000)
 ParOldGen       total 54784K, used 7520K [0x0000000081e00000, 0x0000000085380000, 0x00000000d5f80000)
  object space 54784K, 13% used [0x0000000081e00000,0x00000000825580b8,0x0000000085380000)
 Metaspace       used 20422K, capacity 21160K, committed 21248K, reserved 1067008K
  class space    used 2549K, capacity 2728K, committed 2816K, reserved 1048576K
}
Event: 4.370 GC heap before
{Heap before GC invocations=7 (full 1):
 PSYoungGen      total 71680K, used 66560K [0x00000000d5f80000, 0x00000000df380000, 0x0000000100000000)
  eden space 66560K, 100% used [0x00000000d5f80000,0x00000000da080000,0x00000000da080000)
  from space 5120K, 0% used [0x00000000da080000,0x00000000da080000,0x00000000da580000)
  to   space 9216K, 0% used [0x00000000dea80000,0x00000000dea80000,0x00000000df380000)
 ParOldGen       total 54784K, used 7520K [0x0000000081e00000, 0x0000000085380000, 0x00000000d5f80000)
  object space 54784K, 13% used [0x0000000081e00000,0x00000000825580b8,0x0000000085380000)
 Metaspace       used 27154K, capacity 28754K, committed 28928K, reserved 1075200K
  class space    used 3475K, capacity 3769K, committed 3840K, reserved 1048576K
Event: 4.384 GC heap after
Heap after GC invocations=7 (full 1):
 PSYoungGen      total 118784K, used 8595K [0x00000000d5f80000, 0x00000000df300000, 0x0000000100000000)
  eden space 110080K, 0% used [0x00000000d5f80000,0x00000000d5f80000,0x00000000dcb00000)
  from space 8704K, 98% used [0x00000000dea80000,0x00000000df2e4cb0,0x00000000df300000)
  to   space 10240K, 0% used [0x00000000ddf00000,0x00000000ddf00000,0x00000000de900000)
 ParOldGen       total 54784K, used 7528K [0x0000000081e00000, 0x0000000085380000, 0x00000000d5f80000)
  object space 54784K, 13% used [0x0000000081e00000,0x000000008255a0b8,0x0000000085380000)
 Metaspace       used 27154K, capacity 28754K, committed 28928K, reserved 1075200K
  class space    used 3475K, capacity 3769K, committed 3840K, reserved 1048576K
}
Event: 5.812 GC heap before
{Heap before GC invocations=8 (full 1):
 PSYoungGen      total 118784K, used 91534K [0x00000000d5f80000, 0x00000000df300000, 0x0000000100000000)
  eden space 110080K, 75% used [0x00000000d5f80000,0x00000000db07ecc8,0x00000000dcb00000)
  from space 8704K, 98% used [0x00000000dea80000,0x00000000df2e4cb0,0x00000000df300000)
  to   space 10240K, 0% used [0x00000000ddf00000,0x00000000ddf00000,0x00000000de900000)
 ParOldGen       total 54784K, used 7528K [0x0000000081e00000, 0x0000000085380000, 0x00000000d5f80000)
  object space 54784K, 13% used [0x0000000081e00000,0x000000008255a0b8,0x0000000085380000)
 Metaspace       used 33623K, capacity 35380K, committed 35416K, reserved 1081344K
  class space    used 4257K, capacity 4586K, committed 4608K, reserved 1048576K
Event: 5.828 GC heap after
Heap after GC invocations=8 (full 1):
 PSYoungGen      total 140800K, used 10215K [0x00000000d5f80000, 0x00000000e2400000, 0x0000000100000000)
  eden space 130560K, 0% used [0x00000000d5f80000,0x00000000d5f80000,0x00000000ddf00000)
  from space 10240K, 99% used [0x00000000ddf00000,0x00000000de8f9fd0,0x00000000de900000)
  to   space 11776K, 0% used [0x00000000e1880000,0x00000000e1880000,0x00000000e2400000)
 ParOldGen       total 54784K, used 8507K [0x0000000081e00000, 0x0000000085380000, 0x00000000d5f80000)
  object space 54784K, 15% used [0x0000000081e00000,0x000000008264eec0,0x0000000085380000)
 Metaspace       used 33623K, capacity 35380K, committed 35416K, reserved 1081344K
  class space    used 4257K, capacity 4586K, committed 4608K, reserved 1048576K
}
Event: 5.828 GC heap before
{Heap before GC invocations=9 (full 2):
 PSYoungGen      total 140800K, used 10215K [0x00000000d5f80000, 0x00000000e2400000, 0x0000000100000000)
  eden space 130560K, 0% used [0x00000000d5f80000,0x00000000d5f80000,0x00000000ddf00000)
  from space 10240K, 99% used [0x00000000ddf00000,0x00000000de8f9fd0,0x00000000de900000)
  to   space 11776K, 0% used [0x00000000e1880000,0x00000000e1880000,0x00000000e2400000)
 ParOldGen       total 54784K, used 8507K [0x0000000081e00000, 0x0000000085380000, 0x00000000d5f80000)
  object space 54784K, 15% used [0x0000000081e00000,0x000000008264eec0,0x0000000085380000)
 Metaspace       used 33623K, capacity 35380K, committed 35416K, reserved 1081344K
  class space    used 4257K, capacity 4586K, committed 4608K, reserved 1048576K
Event: 5.937 GC heap after
Heap after GC invocations=9 (full 2):
 PSYoungGen      total 140800K, used 0K [0x00000000d5f80000, 0x00000000e2400000, 0x0000000100000000)
  eden space 130560K, 0% used [0x00000000d5f80000,0x00000000d5f80000,0x00000000ddf00000)
  from space 10240K, 0% used [0x00000000ddf00000,0x00000000ddf00000,0x00000000de900000)
  to   space 11776K, 0% used [0x00000000e1880000,0x00000000e1880000,0x00000000e2400000)
 ParOldGen       total 83456K, used 15808K [0x0000000081e00000, 0x0000000086f80000, 0x00000000d5f80000)
  object space 83456K, 18% used [0x0000000081e00000,0x0000000082d70100,0x0000000086f80000)
 Metaspace       used 33623K, capacity 35380K, committed 35416K, reserved 1081344K
  class space    used 4257K, capacity 4586K, committed 4608K, reserved 1048576K
}

