# JRE version: Java(TM) SE Runtime Environment (8.0_241-b07) (build 1.8.0_241-b07)
# Java VM: Java HotSpot(TM) 64-Bit Server VM (25.241-b07 mixed mode windows-amd64 compressed oops)
Heap:
 PSYoungGen      total 141312K, used 78880K [0x00000000d5f80000, 0x00000000e2c80000, 0x0000000100000000)
  eden space 131072K, 60% used [0x00000000d5f80000,0x00000000dac881b0,0x00000000ddf80000)
  from space 10240K, 0% used [0x00000000ddf80000,0x00000000ddf80000,0x00000000de980000)
  to   space 11776K, 0% used [0x00000000e2100000,0x00000000e2100000,0x00000000e2c80000)
 ParOldGen       total 80384K, used 15757K [0x0000000081e00000, 0x0000000086c80000, 0x00000000d5f80000)
  object space 80384K, 19% used [0x0000000081e00000,0x0000000082d63530,0x0000000086c80000)
 Metaspace       used 42975K, capacity 45104K, committed 45312K, reserved 1089536K
  class space    used 5722K, capacity 6068K, committed 6144K, reserved 1048576K
GC Heap History (10 events):
Event: 2.703 GC heap before
{Heap before GC invocations=5 (full 0):
 PSYoungGen      total 71680K, used 38968K [0x00000000d5f80000, 0x00000000daa80000, 0x0000000100000000)
  eden space 66560K, 51% used [0x00000000d5f80000,0x00000000d8136b88,0x00000000da080000)
  from space 5120K, 86% used [0x00000000da580000,0x00000000da9d7760,0x00000000daa80000)
  to   space 5120K, 0% used [0x00000000da080000,0x00000000da080000,0x00000000da580000)
 ParOldGen       total 87552K, used 3787K [0x0000000081e00000, 0x0000000087380000, 0x00000000d5f80000)
  object space 87552K, 4% used [0x0000000081e00000,0x00000000821b2e08,0x0000000087380000)
 Metaspace       used 20338K, capacity 21104K, committed 21248K, reserved 1067008K
  class space    used 2535K, capacity 2728K, committed 2816K, reserved 1048576K
Event: 2.712 GC heap after
Heap after GC invocations=5 (full 0):
 PSYoungGen      total 71680K, used 5101K [0x00000000d5f80000, 0x00000000df380000, 0x0000000100000000)
  eden space 66560K, 0% used [0x00000000d5f80000,0x00000000d5f80000,0x00000000da080000)
  from space 5120K, 99% used [0x00000000da080000,0x00000000da57b770,0x00000000da580000)
  to   space 9216K, 0% used [0x00000000dea80000,0x00000000dea80000,0x00000000df380000)
 ParOldGen       total 87552K, used 6192K [0x0000000081e00000, 0x0000000087380000, 0x00000000d5f80000)
  object space 87552K, 7% used [0x0000000081e00000,0x000000008240c000,0x0000000087380000)
 Metaspace       used 20338K, capacity 21104K, committed 21248K, reserved 1067008K
  class space    used 2535K, capacity 2728K, committed 2816K, reserved 1048576K
}
Event: 2.712 GC heap before
{Heap before GC invocations=6 (full 1):
 PSYoungGen      total 71680K, used 5101K [0x00000000d5f80000, 0x00000000df380000, 0x0000000100000000)
  eden space 66560K, 0% used [0x00000000d5f80000,0x00000000d5f80000,0x00000000da080000)
  from space 5120K, 99% used [0x00000000da080000,0x00000000da57b770,0x00000000da580000)
  to   space 9216K, 0% used [0x00000000dea80000,0x00000000dea80000,0x00000000df380000)
 ParOldGen       total 87552K, used 6192K [0x0000000081e00000, 0x0000000087380000, 0x00000000d5f80000)
  object space 87552K, 7% used [0x0000000081e00000,0x000000008240c000,0x0000000087380000)
 Metaspace       used 20338K, capacity 21104K, committed 21248K, reserved 1067008K
  class space    used 2535K, capacity 2728K, committed 2816K, reserved 1048576K
Event: 2.758 GC heap after
Heap after GC invocations=6 (full 1):
 PSYoungGen      total 71680K, used 0K [0x00000000d5f80000, 0x00000000df380000, 0x0000000100000000)
  eden space 66560K, 0% used [0x00000000d5f80000,0x00000000d5f80000,0x00000000da080000)
  from space 5120K, 0% used [0x00000000da080000,0x00000000da080000,0x00000000da580000)
  to   space 9216K, 0% used [0x00000000dea80000,0x00000000dea80000,0x00000000df380000)
 ParOldGen       total 53760K, used 7386K [0x0000000081e00000, 0x0000000085280000, 0x00000000d5f80000)
  object space 53760K, 13% used [0x0000000081e00000,0x0000000082536908,0x0000000085280000)
 Metaspace       used 20338K, capacity 21104K, committed 21248K, reserved 1067008K
  class space    used 2535K, capacity 2728K, committed 2816K, reserved 1048576K
}
Event: 4.527 GC heap before
{Heap before GC invocations=7 (full 1):
 PSYoungGen      total 71680K, used 66560K [0x00000000d5f80000, 0x00000000df380000, 0x0000000100000000)
  eden space 66560K, 100% used [0x00000000d5f80000,0x00000000da080000,0x00000000da080000)
  from space 5120K, 0% used [0x00000000da080000,0x00000000da080000,0x00000000da580000)
  to   space 9216K, 0% used [0x00000000dea80000,0x00000000dea80000,0x00000000df380000)
 ParOldGen       total 53760K, used 7386K [0x0000000081e00000, 0x0000000085280000, 0x00000000d5f80000)
  object space 53760K, 13% used [0x0000000081e00000,0x0000000082536908,0x0000000085280000)
 Metaspace       used 27115K, capacity 28758K, committed 28928K, reserved 1075200K
  class space    used 3477K, capacity 3769K, committed 3840K, reserved 1048576K
Event: 4.538 GC heap after
Heap after GC invocations=7 (full 1):
 PSYoungGen      total 121856K, used 8737K [0x00000000d5f80000, 0x00000000df380000, 0x0000000100000000)
  eden space 112640K, 0% used [0x00000000d5f80000,0x00000000d5f80000,0x00000000dcd80000)
  from space 9216K, 94% used [0x00000000dea80000,0x00000000df308688,0x00000000df380000)
  to   space 10240K, 0% used [0x00000000ddf80000,0x00000000ddf80000,0x00000000de980000)
 ParOldGen       total 53760K, used 7394K [0x0000000081e00000, 0x0000000085280000, 0x00000000d5f80000)
  object space 53760K, 13% used [0x0000000081e00000,0x0000000082538908,0x0000000085280000)
 Metaspace       used 27115K, capacity 28758K, committed 28928K, reserved 1075200K
  class space    used 3477K, capacity 3769K, committed 3840K, reserved 1048576K
}
Event: 5.620 GC heap before
{Heap before GC invocations=8 (full 1):
 PSYoungGen      total 121856K, used 93524K [0x00000000d5f80000, 0x00000000df380000, 0x0000000100000000)
  eden space 112640K, 75% used [0x00000000d5f80000,0x00000000db24ccb0,0x00000000dcd80000)
  from space 9216K, 94% used [0x00000000dea80000,0x00000000df308688,0x00000000df380000)
  to   space 10240K, 0% used [0x00000000ddf80000,0x00000000ddf80000,0x00000000de980000)
 ParOldGen       total 53760K, used 7394K [0x0000000081e00000, 0x0000000085280000, 0x00000000d5f80000)
  object space 53760K, 13% used [0x0000000081e00000,0x0000000082538908,0x0000000085280000)
 Metaspace       used 33548K, capacity 35320K, committed 35416K, reserved 1081344K
  class space    used 4251K, capacity 4586K, committed 4608K, reserved 1048576K
Event: 5.636 GC heap after
Heap after GC invocations=8 (full 1):
 PSYoungGen      total 141312K, used 10219K [0x00000000d5f80000, 0x00000000e2c80000, 0x0000000100000000)
  eden space 131072K, 0% used [0x00000000d5f80000,0x00000000d5f80000,0x00000000ddf80000)
  from space 10240K, 99% used [0x00000000ddf80000,0x00000000de97aec0,0x00000000de980000)
  to   space 11776K, 0% used [0x00000000e2100000,0x00000000e2100000,0x00000000e2c80000)
 ParOldGen       total 53760K, used 8375K [0x0000000081e00000, 0x0000000085280000, 0x00000000d5f80000)
  object space 53760K, 15% used [0x0000000081e00000,0x000000008262de48,0x0000000085280000)
 Metaspace       used 33548K, capacity 35320K, committed 35416K, reserved 1081344K
  class space    used 4251K, capacity 4586K, committed 4608K, reserved 1048576K
}
Event: 5.637 GC heap before
{Heap before GC invocations=9 (full 2):
 PSYoungGen      total 141312K, used 10219K [0x00000000d5f80000, 0x00000000e2c80000, 0x0000000100000000)
  eden space 131072K, 0% used [0x00000000d5f80000,0x00000000d5f80000,0x00000000ddf80000)
  from space 10240K, 99% used [0x00000000ddf80000,0x00000000de97aec0,0x00000000de980000)
  to   space 11776K, 0% used [0x00000000e2100000,0x00000000e2100000,0x00000000e2c80000)
 ParOldGen       total 53760K, used 8375K [0x0000000081e00000, 0x0000000085280000, 0x00000000d5f80000)
  object space 53760K, 15% used [0x0000000081e00000,0x000000008262de48,0x0000000085280000)
 Metaspace       used 33548K, capacity 35320K, committed 35416K, reserved 1081344K
  class space    used 4251K, capacity 4586K, committed 4608K, reserved 1048576K
Event: 5.730 GC heap after
Heap after GC invocations=9 (full 2):
 PSYoungGen      total 141312K, used 0K [0x00000000d5f80000, 0x00000000e2c80000, 0x0000000100000000)
  eden space 131072K, 0% used [0x00000000d5f80000,0x00000000d5f80000,0x00000000ddf80000)
  from space 10240K, 0% used [0x00000000ddf80000,0x00000000ddf80000,0x00000000de980000)
  to   space 11776K, 0% used [0x00000000e2100000,0x00000000e2100000,0x00000000e2c80000)
 ParOldGen       total 80384K, used 15757K [0x0000000081e00000, 0x0000000086c80000, 0x00000000d5f80000)
  object space 80384K, 19% used [0x0000000081e00000,0x0000000082d63530,0x0000000086c80000)
 Metaspace       used 33548K, capacity 35320K, committed 35416K, reserved 1081344K
  class space    used 4251K, capacity 4586K, committed 4608K, reserved 1048576K
}

