# JRE version: Java(TM) SE Runtime Environment (8.0_241-b07) (build 1.8.0_241-b07)
# Java VM: Java HotSpot(TM) 64-Bit Server VM (25.241-b07 mixed mode windows-amd64 compressed oops)
Heap:
 PSYoungGen      total 141312K, used 4153K [0x00000000d5f80000, 0x00000000e3880000, 0x0000000100000000)
  eden space 131584K, 3% used [0x00000000d5f80000,0x00000000d638e420,0x00000000de000000)
  from space 9728K, 0% used [0x00000000de000000,0x00000000de000000,0x00000000de980000)
  to   space 11776K, 0% used [0x00000000e2d00000,0x00000000e2d00000,0x00000000e3880000)
 ParOldGen       total 51200K, used 15896K [0x0000000081e00000, 0x0000000085000000, 0x00000000d5f80000)
  object space 51200K, 31% used [0x0000000081e00000,0x0000000082d86378,0x0000000085000000)
 Metaspace       used 34070K, capacity 35844K, committed 36056K, reserved 1081344K
  class space    used 4289K, capacity 4618K, committed 4736K, reserved 1048576K
GC Heap History (10 events):
Event: 2.788 GC heap before
{Heap before GC invocations=5 (full 0):
 PSYoungGen      total 71680K, used 40005K [0x00000000d5f80000, 0x00000000daa80000, 0x0000000100000000)
  eden space 66560K, 53% used [0x00000000d5f80000,0x00000000d8227170,0x00000000da080000)
  from space 5120K, 88% used [0x00000000da580000,0x00000000da9ea448,0x00000000daa80000)
  to   space 5120K, 0% used [0x00000000da080000,0x00000000da080000,0x00000000da580000)
 ParOldGen       total 87552K, used 3610K [0x0000000081e00000, 0x0000000087380000, 0x00000000d5f80000)
  object space 87552K, 4% used [0x0000000081e00000,0x0000000082186ac8,0x0000000087380000)
 Metaspace       used 20429K, capacity 21156K, committed 21248K, reserved 1067008K
  class space    used 2543K, capacity 2728K, committed 2816K, reserved 1048576K
Event: 2.799 GC heap after
Heap after GC invocations=5 (full 0):
 PSYoungGen      total 71680K, used 5117K [0x00000000d5f80000, 0x00000000df380000, 0x0000000100000000)
  eden space 66560K, 0% used [0x00000000d5f80000,0x00000000d5f80000,0x00000000da080000)
  from space 5120K, 99% used [0x00000000da080000,0x00000000da57f780,0x00000000da580000)
  to   space 9216K, 0% used [0x00000000dea80000,0x00000000dea80000,0x00000000df380000)
 ParOldGen       total 87552K, used 6099K [0x0000000081e00000, 0x0000000087380000, 0x00000000d5f80000)
  object space 87552K, 6% used [0x0000000081e00000,0x00000000823f4dd8,0x0000000087380000)
 Metaspace       used 20429K, capacity 21156K, committed 21248K, reserved 1067008K
  class space    used 2543K, capacity 2728K, committed 2816K, reserved 1048576K
}
Event: 2.799 GC heap before
{Heap before GC invocations=6 (full 1):
 PSYoungGen      total 71680K, used 5117K [0x00000000d5f80000, 0x00000000df380000, 0x0000000100000000)
  eden space 66560K, 0% used [0x00000000d5f80000,0x00000000d5f80000,0x00000000da080000)
  from space 5120K, 99% used [0x00000000da080000,0x00000000da57f780,0x00000000da580000)
  to   space 9216K, 0% used [0x00000000dea80000,0x00000000dea80000,0x00000000df380000)
 ParOldGen       total 87552K, used 6099K [0x0000000081e00000, 0x0000000087380000, 0x00000000d5f80000)
  object space 87552K, 6% used [0x0000000081e00000,0x00000000823f4dd8,0x0000000087380000)
 Metaspace       used 20429K, capacity 21156K, committed 21248K, reserved 1067008K
  class space    used 2543K, capacity 2728K, committed 2816K, reserved 1048576K
Event: 2.842 GC heap after
Heap after GC invocations=6 (full 1):
 PSYoungGen      total 71680K, used 0K [0x00000000d5f80000, 0x00000000df380000, 0x0000000100000000)
  eden space 66560K, 0% used [0x00000000d5f80000,0x00000000d5f80000,0x00000000da080000)
  from space 5120K, 0% used [0x00000000da080000,0x00000000da080000,0x00000000da580000)
  to   space 9216K, 0% used [0x00000000dea80000,0x00000000dea80000,0x00000000df380000)
 ParOldGen       total 51200K, used 7497K [0x0000000081e00000, 0x0000000085000000, 0x00000000d5f80000)
  object space 51200K, 14% used [0x0000000081e00000,0x0000000082552420,0x0000000085000000)
 Metaspace       used 20429K, capacity 21156K, committed 21248K, reserved 1067008K
  class space    used 2543K, capacity 2728K, committed 2816K, reserved 1048576K
}
Event: 4.769 GC heap before
{Heap before GC invocations=7 (full 1):
 PSYoungGen      total 71680K, used 66560K [0x00000000d5f80000, 0x00000000df380000, 0x0000000100000000)
  eden space 66560K, 100% used [0x00000000d5f80000,0x00000000da080000,0x00000000da080000)
  from space 5120K, 0% used [0x00000000da080000,0x00000000da080000,0x00000000da580000)
  to   space 9216K, 0% used [0x00000000dea80000,0x00000000dea80000,0x00000000df380000)
 ParOldGen       total 51200K, used 7497K [0x0000000081e00000, 0x0000000085000000, 0x00000000d5f80000)
  object space 51200K, 14% used [0x0000000081e00000,0x0000000082552420,0x0000000085000000)
 Metaspace       used 27164K, capacity 28810K, committed 28928K, reserved 1075200K
  class space    used 3473K, capacity 3769K, committed 3840K, reserved 1048576K
Event: 4.784 GC heap after
Heap after GC invocations=7 (full 1):
 PSYoungGen      total 124928K, used 8571K [0x00000000d5f80000, 0x00000000df300000, 0x0000000100000000)
  eden space 116224K, 0% used [0x00000000d5f80000,0x00000000d5f80000,0x00000000dd100000)
  from space 8704K, 98% used [0x00000000dea80000,0x00000000df2decb0,0x00000000df300000)
  to   space 9728K, 0% used [0x00000000de000000,0x00000000de000000,0x00000000de980000)
 ParOldGen       total 51200K, used 7505K [0x0000000081e00000, 0x0000000085000000, 0x00000000d5f80000)
  object space 51200K, 14% used [0x0000000081e00000,0x0000000082554420,0x0000000085000000)
 Metaspace       used 27164K, capacity 28810K, committed 28928K, reserved 1075200K
  class space    used 3473K, capacity 3769K, committed 3840K, reserved 1048576K
}
Event: 5.996 GC heap before
{Heap before GC invocations=8 (full 1):
 PSYoungGen      total 124928K, used 93994K [0x00000000d5f80000, 0x00000000df300000, 0x0000000100000000)
  eden space 116224K, 73% used [0x00000000d5f80000,0x00000000db2ebd60,0x00000000dd100000)
  from space 8704K, 98% used [0x00000000dea80000,0x00000000df2decb0,0x00000000df300000)
  to   space 9728K, 0% used [0x00000000de000000,0x00000000de000000,0x00000000de980000)
 ParOldGen       total 51200K, used 7505K [0x0000000081e00000, 0x0000000085000000, 0x00000000d5f80000)
  object space 51200K, 14% used [0x0000000081e00000,0x0000000082554420,0x0000000085000000)
 Metaspace       used 33633K, capacity 35364K, committed 35416K, reserved 1081344K
  class space    used 4255K, capacity 4586K, committed 4608K, reserved 1048576K
Event: 6.012 GC heap after
Heap after GC invocations=8 (full 1):
 PSYoungGen      total 141312K, used 9724K [0x00000000d5f80000, 0x00000000e3880000, 0x0000000100000000)
  eden space 131584K, 0% used [0x00000000d5f80000,0x00000000d5f80000,0x00000000de000000)
  from space 9728K, 99% used [0x00000000de000000,0x00000000de97f148,0x00000000de980000)
  to   space 11776K, 0% used [0x00000000e2d00000,0x00000000e2d00000,0x00000000e3880000)
 ParOldGen       total 51200K, used 9090K [0x0000000081e00000, 0x0000000085000000, 0x00000000d5f80000)
  object space 51200K, 17% used [0x0000000081e00000,0x00000000826e0880,0x0000000085000000)
 Metaspace       used 33633K, capacity 35364K, committed 35416K, reserved 1081344K
  class space    used 4255K, capacity 4586K, committed 4608K, reserved 1048576K
}
Event: 6.012 GC heap before
{Heap before GC invocations=9 (full 2):
 PSYoungGen      total 141312K, used 9724K [0x00000000d5f80000, 0x00000000e3880000, 0x0000000100000000)
  eden space 131584K, 0% used [0x00000000d5f80000,0x00000000d5f80000,0x00000000de000000)
  from space 9728K, 99% used [0x00000000de000000,0x00000000de97f148,0x00000000de980000)
  to   space 11776K, 0% used [0x00000000e2d00000,0x00000000e2d00000,0x00000000e3880000)
 ParOldGen       total 51200K, used 9090K [0x0000000081e00000, 0x0000000085000000, 0x00000000d5f80000)
  object space 51200K, 17% used [0x0000000081e00000,0x00000000826e0880,0x0000000085000000)
 Metaspace       used 33633K, capacity 35364K, committed 35416K, reserved 1081344K
  class space    used 4255K, capacity 4586K, committed 4608K, reserved 1048576K
Event: 6.116 GC heap after
Heap after GC invocations=9 (full 2):
 PSYoungGen      total 141312K, used 0K [0x00000000d5f80000, 0x00000000e3880000, 0x0000000100000000)
  eden space 131584K, 0% used [0x00000000d5f80000,0x00000000d5f80000,0x00000000de000000)
  from space 9728K, 0% used [0x00000000de000000,0x00000000de000000,0x00000000de980000)
  to   space 11776K, 0% used [0x00000000e2d00000,0x00000000e2d00000,0x00000000e3880000)
 ParOldGen       total 51200K, used 15896K [0x0000000081e00000, 0x0000000085000000, 0x00000000d5f80000)
  object space 51200K, 31% used [0x0000000081e00000,0x0000000082d86378,0x0000000085000000)
 Metaspace       used 33633K, capacity 35364K, committed 35416K, reserved 1081344K
  class space    used 4255K, capacity 4586K, committed 4608K, reserved 1048576K
}

